<?xml version="1.0" encoding="UTF-8"?>
<!-- Generated by org.testng.reporters.JUnitReportReporter -->
<testsuite hostname="DESKTOP-6BBBUR9" failures="0" tests="1" name="testScript.LoginTest" time="7.186" errors="0" timestamp="2025-05-30T00:36:44 IST" skipped="0">
  <testcase classname="testScript.LoginTest" name="verifyUserLoginWithValidCredentials" time="7.186"/>
</testsuite> <!-- testScript.LoginTest -->
