<?xml version="1.0" encoding="UTF-8"?>
<!-- Generated by org.testng.reporters.JUnitReportReporter -->
<testsuite hostname="DESKTOP-6BBBUR9" failures="0" tests="1" name="seleniumBasics.TestNGAnnotations" time="0.016" errors="0" timestamp="2025-05-29T20:18:09 IST" skipped="0">
  <testcase classname="seleniumBasics.TestNGAnnotations" name="testCase" time="0.016"/>
</testsuite> <!-- seleniumBasics.TestNGAnnotations -->
