<?xml version="1.0" encoding="UTF-8"?>
<!-- Generated by org.testng.reporters.JUnitReportReporter -->
<testsuite hostname="DESKTOP-6BBBUR9" failures="0" tests="1" name="testScript.LoginTest" time="5.525" errors="0" timestamp="2025-06-03T00:37:40 IST" skipped="0">
  <testcase classname="testScript.LoginTest" name="verifyUserLoginWithInvalidCredentials" time="5.525"/>
</testsuite> <!-- testScript.LoginTest -->
