<?xml version="1.0" encoding="UTF-8"?>
<!-- Generated by org.testng.reporters.JUnitReportReporter -->
<testsuite hostname="DESKTOP-6BBBUR9" failures="0" tests="2" name="testScript.SigninTest" time="7.853" errors="0" timestamp="2025-06-18T19:52:34 IST" skipped="0">
  <testcase classname="testScript.SigninTest" name="verifyUserSigninWithInvalidCredentials" time="3.540"/>
  <testcase classname="testScript.SigninTest" name="verifyUserSigninWithInvalidCredentials" time="4.313"/>
</testsuite> <!-- testScript.SigninTest -->
