<?xml version="1.0" encoding="UTF-8"?>
<!-- Generated by org.testng.reporters.JUnitReportReporter -->
<testsuite hostname="DESKTOP-6BBBUR9" failures="0" tests="1" name="testScript.AdminUsersTest" time="5.785" errors="0" timestamp="2025-06-19T18:10:34 IST" skipped="0">
  <testcase classname="testScript.AdminUsersTest" name="verifyWhetherUserAbleToSearchAdminUsers" time="5.785"/>
</testsuite> <!-- testScript.AdminUsersTest -->
