<?xml version="1.0" encoding="UTF-8"?>
<!-- Generated by org.testng.reporters.JUnitReportReporter -->
<testsuite hostname="DESKTOP-6BBBUR9" failures="0" tests="1" name="testScript.HomeTest" time="9.008" errors="0" timestamp="2025-06-10T18:20:54 IST" skipped="0">
  <testcase classname="testScript.HomeTest" name="verifyWhetherUserAbleToLogout" time="9.008"/>
</testsuite> <!-- testScript.HomeTest -->
