<?xml version="1.0" encoding="UTF-8"?>
<!-- Generated by org.testng.reporters.JUnitReportReporter -->
<testsuite hostname="DESKTOP-6BBBUR9" failures="0" tests="2" name="testScript.ManageNewsTest" time="12.478" errors="0" timestamp="2025-06-10T18:20:54 IST" skipped="0">
  <testcase classname="testScript.ManageNewsTest" name="verifyWhetherUserAbleToAddNewNews" time="5.842"/>
  <testcase classname="testScript.ManageNewsTest" name="verifyWhetherUserAbleToSearchNews" time="6.636"/>
</testsuite> <!-- testScript.ManageNewsTest -->
