<?xml version="1.0" encoding="UTF-8"?>
<!-- Generated by org.testng.reporters.JUnitReportReporter -->
<testsuite hostname="DESKTOP-6BBBUR9" failures="0" tests="4" name="testScript.SigninTest" time="25.698" errors="0" timestamp="2025-06-10T18:20:54 IST" skipped="0">
  <testcase classname="testScript.SigninTest" name="verifyUserSigninWithValidUsernameAndInvalidPassword" time="6.345"/>
  <testcase classname="testScript.SigninTest" name="verifyUserSigninWithValidCredentials" time="7.695"/>
  <testcase classname="testScript.SigninTest" name="verifyUserSigninWithInvalidCredentials" time="5.343"/>
  <testcase classname="testScript.SigninTest" name="verifyUserSigninWithInvalidUsernameAndValidPassword" time="6.315"/>
</testsuite> <!-- testScript.SigninTest -->
