<?xml version="1.0" encoding="UTF-8"?>
<!-- Generated by org.testng.reporters.JUnitReportReporter -->
<testsuite hostname="DESKTOP-6BBBUR9" failures="0" tests="1" name="testScript.ManageNewsTest" time="28.941" errors="0" timestamp="2025-06-11T20:12:03 IST" skipped="0">
  <testcase classname="testScript.ManageNewsTest" name="verifyWhetherUserAbleToSearchNews" time="28.941"/>
</testsuite> <!-- testScript.ManageNewsTest -->
