<?xml version="1.0" encoding="UTF-8"?>
<!-- Generated by org.testng.reporters.JUnitReportReporter -->
<testsuite hostname="DESKTOP-6BBBUR9" failures="0" tests="3" name="testScript.HomeTest" time="22.560" errors="0" timestamp="2025-06-12T20:57:34 IST" skipped="0">
  <testcase classname="testScript.HomeTest" name="verifyWhetherUserAbleToLogout" time="4.543"/>
  <testcase classname="testScript.HomeTest" name="verifyWhetherUserAbleToLogout" time="6.338"/>
  <testcase classname="testScript.HomeTest" name="verifyWhetherUserAbleToLogout" time="11.679"/>
</testsuite> <!-- testScript.HomeTest -->
