<?xml version="1.0" encoding="UTF-8"?>
<!-- Generated by org.testng.reporters.JUnitReportReporter -->
<testsuite hostname="DESKTOP-6BBBUR9" failures="0" tests="1" name="testScript.HomeTest" time="23.363" errors="0" timestamp="2025-06-17T20:09:12 IST" skipped="0">
  <testcase classname="testScript.HomeTest" name="verifyWhetherUserAbleToLogout" time="23.363"/>
</testsuite> <!-- testScript.HomeTest -->
