<?xml version="1.0" encoding="UTF-8"?>
<!-- Generated by org.testng.reporters.JUnitReportReporter -->
<testsuite hostname="DESKTOP-6BBBUR9" failures="0" tests="2" name="testScript.AdminUsersTest" time="20.049" errors="0" timestamp="2025-06-10T18:20:54 IST" skipped="0">
  <testcase classname="testScript.AdminUsersTest" name="verifyWhetherUserAbleToaddNewAdminUsers" time="10.612"/>
  <testcase classname="testScript.AdminUsersTest" name="verifyWhetherUserAbleToSearchAdminUsers" time="9.437"/>
</testsuite> <!-- testScript.AdminUsersTest -->
