<?xml version="1.0" encoding="UTF-8"?>
<!-- Generated by org.testng.reporters.JUnitReportReporter -->
<testsuite hostname="DESKTOP-6BBBUR9" failures="0" tests="1" name="testScript.ManageNewsTest" time="9.597" errors="0" timestamp="2025-06-19T17:58:14 IST" skipped="0">
  <testcase classname="testScript.ManageNewsTest" name="verifyWhetherUserAbleToSearchNews" time="9.597"/>
</testsuite> <!-- testScript.ManageNewsTest -->
