<?xml version="1.0" encoding="UTF-8"?>
<!-- Generated by org.testng.reporters.JUnitReportReporter -->
<testsuite hostname="DESKTOP-6BBBUR9" failures="0" tests="1" name="testScript.ManagecategoriesTest" time="8.328" errors="0" timestamp="2025-06-12T01:05:34 IST" skipped="0">
  <testcase classname="testScript.ManagecategoriesTest" name="verifyWhetherUserAbleToAddNewCategory" time="8.328"/>
</testsuite> <!-- testScript.ManagecategoriesTest -->
