<?xml version="1.0" encoding="UTF-8"?>
<!-- Generated by org.testng.reporters.JUnitReportReporter -->
<testsuite hostname="DESKTOP-6BBBUR9" failures="0" tests="1" name="testScript.SigninTest" time="51.589" errors="0" timestamp="2025-06-03T00:31:50 IST" skipped="0">
  <testcase classname="testScript.SigninTest" name="verifyUserSigninWithValidUsernameAndInvalidPassword" time="51.589"/>
</testsuite> <!-- testScript.SigninTest -->
