<?xml version="1.0" encoding="UTF-8"?>
<!-- Generated by org.testng.reporters.JUnitReportReporter -->
<testsuite hostname="DESKTOP-6BBBUR9" failures="0" tests="1" name="testScript.ManagecategoriesTest" time="6.632" errors="0" timestamp="2025-06-19T18:35:09 IST" skipped="0">
  <testcase classname="testScript.ManagecategoriesTest" name="verifyWhetherUserAbleToAddNewCategory" time="6.632"/>
</testsuite> <!-- testScript.ManagecategoriesTest -->
