<?xml version="1.0" encoding="UTF-8"?>
<!-- Generated by org.testng.reporters.JUnitReportReporter -->
<testsuite hostname="DESKTOP-6BBBUR9" failures="0" tests="1" name="testScript.LogoutTest" time="5.344" errors="0" timestamp="2025-06-04T02:12:18 IST" skipped="0">
  <testcase classname="testScript.LogoutTest" name="verifyWhetherUserAbleToLogout" time="5.344"/>
</testsuite> <!-- testScript.LogoutTest -->
